<?xml version="1.0" encoding="UTF-8"?>
<testng-results skipped="0" failed="0" ignored="0" total="1" passed="1">
  <reporter-output>
  </reporter-output>
  <suite name="Default suite" duration-ms="6877" started-at="2019-06-03T06:34:42Z" finished-at="2019-06-03T06:34:49Z">
    <groups>
    </groups>
    <test name="Default test" duration-ms="6877" started-at="2019-06-03T06:34:42Z" finished-at="2019-06-03T06:34:49Z">
      <class name="TestCases.TestCasesExecute">
        <test-method status="PASS" signature="inputValidationCheck()[pri:0, instance:TestCases.TestCasesExecute@55f3ddb1]" name="inputValidationCheck" duration-ms="6796" started-at="2019-06-03T06:34:42Z" finished-at="2019-06-03T06:34:49Z">
          <reporter-output>
          </reporter-output>
        </test-method> <!-- inputValidationCheck -->
      </class> <!-- TestCases.TestCasesExecute -->
    </test> <!-- Default test -->
  </suite> <!-- Default suite -->
</testng-results>
